<?xml version="1.0" encoding="UTF-8"?>
<!-- Generated by org.testng.reporters.JUnitReportReporter -->
<testsuite skipped="9" hostname="QC-VuongDD"
	name="com.qa.testcases.JsonServerRequest" tests="10" failures="0"
	timestamp="17 Sep 2018 07:58:12 GMT" time="2.023" errors="0">
	<testcase name="test_01" time="2.023"
		classname="com.qa.testcases.JsonServerRequest" />
	<testcase name="test_04" classname="com.qa.testcases.JsonServerRequest">
		<skipped />
	</testcase> <!-- test_04 -->
	<testcase name="test_02" classname="com.qa.testcases.JsonServerRequest">
		<skipped />
	</testcase> <!-- test_02 -->
	<testcase name="test_10" classname="com.qa.testcases.JsonServerRequest">
		<skipped />
	</testcase> <!-- test_10 -->
	<testcase name="test_08" classname="com.qa.testcases.JsonServerRequest">
		<skipped />
	</testcase> <!-- test_08 -->
	<testcase name="test_05" classname="com.qa.testcases.JsonServerRequest">
		<skipped />
	</testcase> <!-- test_05 -->
	<testcase name="test_06" classname="com.qa.testcases.JsonServerRequest">
		<skipped />
	</testcase> <!-- test_06 -->
	<testcase name="test_03" classname="com.qa.testcases.JsonServerRequest">
		<skipped />
	</testcase> <!-- test_03 -->
	<testcase name="test_09" classname="com.qa.testcases.JsonServerRequest">
		<skipped />
	</testcase> <!-- test_09 -->
	<testcase name="test_07" classname="com.qa.testcases.JsonServerRequest">
		<skipped />
	</testcase> <!-- test_07 -->
</testsuite> <!-- com.qa.testcases.JsonServerRequest -->
