<?xml version="1.0" encoding="UTF-8"?>
<!-- Generated by org.testng.reporters.JUnitReportReporter -->
<testsuite skipped="5" hostname="QC-VuongDD"
	name="com.qa.testcases.WeatherGetRequests" tests="10" failures="0"
	timestamp="14 Sep 2018 06:25:03 GMT" time="7.952" errors="0">
	<testcase name="Test_Simple_Get_Request_Parameters_Other_Assert"
		time="1.074" classname="com.qa.testcases.WeatherGetRequests" />
	<testcase name="Test_Simple_Get_Request_Parameters_Get_String"
		time="1.093" classname="com.qa.testcases.WeatherGetRequests" />
	<testcase name="Test_Simple_Get_Request_With_ID" time="0.921"
		classname="com.qa.testcases.WeatherGetRequests" />
	<testcase name="Test_Simple_Get_Request_Parameters" time="1.004"
		classname="com.qa.testcases.WeatherGetRequests" />
	<testcase name="Test_Simple_Get_Request" time="3.860"
		classname="com.qa.testcases.WeatherGetRequests" />
	<testcase name="Test_Simple_Get_Request_Fail" classname="com.qa.testcases.WeatherGetRequests">
		<skipped />
	</testcase> <!-- Test_Simple_Get_Request_Fail -->
	<testcase name="Test_Simple_Get_Request_With_CityID"
		classname="com.qa.testcases.WeatherGetRequests">
		<skipped />
	</testcase> <!-- Test_Simple_Get_Request_With_CityID -->
	<testcase name="Test_Simple_Get_Request_With_ID_CheckContentDescription"
		classname="com.qa.testcases.WeatherGetRequests">
		<skipped />
	</testcase> <!-- Test_Simple_Get_Request_With_ID_CheckContentDescription -->
	<testcase name="Test_Simple_Get_Request_With_Lat_Lon"
		classname="com.qa.testcases.WeatherGetRequests">
		<skipped />
	</testcase> <!-- Test_Simple_Get_Request_With_Lat_Lon -->
	<testcase name="Test_Simple_Get_Request_With_ID_CheckContent"
		classname="com.qa.testcases.WeatherGetRequests">
		<skipped />
	</testcase> <!-- Test_Simple_Get_Request_With_ID_CheckContent -->
</testsuite> <!-- com.qa.testcases.WeatherGetRequests -->
